2025-04-01 21:36:17 [restartedMain] INFO  c.P.PharmaAssistantApplication - Starting PharmaAssistantApplication using Java 22.0.2 with PID 11400 (D:\PharmaAssistant\target\classes started by kapil meshram in D:\PharmaAssistant)
2025-04-01 21:36:17 [restartedMain] INFO  c.P.PharmaAssistantApplication - No active profile set, falling back to 1 default profile: "default"
2025-04-01 21:36:17 [restartedMain] INFO  o.s.b.d.e.DevToolsPropertyDefaultsPostProcessor - Devtools property defaults active! Set 'spring.devtools.add-properties' to 'false' to disable
2025-04-01 21:36:17 [restartedMain] INFO  o.s.b.d.e.DevToolsPropertyDefaultsPostProcessor - For additional web related logging consider setting the 'logging.level.web' property to 'DEBUG'
2025-04-01 21:36:19 [restartedMain] INFO  o.s.d.r.c.RepositoryConfigurationDelegate - Bootstrapping Spring Data JPA repositories in DEFAULT mode.
2025-04-01 21:36:19 [restartedMain] INFO  o.s.d.r.c.RepositoryConfigurationDelegate - Finished Spring Data repository scanning in 71 ms. Found 4 JPA repository interfaces.
2025-04-01 21:36:19 [restartedMain] INFO  o.s.b.w.e.tomcat.TomcatWebServer - Tomcat initialized with port 8080 (http)
2025-04-01 21:36:19 [restartedMain] INFO  o.a.catalina.core.StandardService - Starting service [Tomcat]
2025-04-01 21:36:19 [restartedMain] INFO  o.a.catalina.core.StandardEngine - Starting Servlet engine: [Apache Tomcat/10.1.39]
2025-04-01 21:36:19 [restartedMain] INFO  o.a.c.c.C.[Tomcat].[localhost].[/] - Initializing Spring embedded WebApplicationContext
2025-04-01 21:36:19 [restartedMain] INFO  o.s.b.w.s.c.ServletWebServerApplicationContext - Root WebApplicationContext: initialization completed in 2057 ms
2025-04-01 21:36:20 [restartedMain] INFO  com.zaxxer.hikari.HikariDataSource - HikariPool-1 - Starting...
2025-04-01 21:36:20 [restartedMain] INFO  com.zaxxer.hikari.pool.HikariPool - HikariPool-1 - Added connection conn0: url=jdbc:h2:mem:pharmadb user=SA
2025-04-01 21:36:20 [restartedMain] INFO  com.zaxxer.hikari.HikariDataSource - HikariPool-1 - Start completed.
2025-04-01 21:36:20 [restartedMain] WARN  o.s.b.w.s.c.AnnotationConfigServletWebServerApplicationContext - Exception encountered during context initialization - cancelling refresh attempt: org.springframework.beans.factory.BeanCreationException: Error creating bean with name 'entityManagerFactory' defined in class path resource [org/springframework/boot/autoconfigure/orm/jpa/HibernateJpaConfiguration.class]: Failed to initialize dependency 'dataSourceScriptDatabaseInitializer' of LoadTimeWeaverAware bean 'entityManagerFactory': Error creating bean with name 'dataSourceScriptDatabaseInitializer' defined in class path resource [org/springframework/boot/autoconfigure/sql/init/DataSourceInitializationConfiguration.class]: Failed to execute SQL script statement #1 of file [D:\PharmaAssistant\target\classes\data.sql]: INSERT INTO MEDICINE_TYPE_MASTER(MEDICINE_TYPE_CODE, MEDICINE_TYPE_NAME) VALUES('T', 'Tablets')
2025-04-01 21:36:20 [restartedMain] INFO  com.zaxxer.hikari.HikariDataSource - HikariPool-1 - Shutdown initiated...
2025-04-01 21:36:20 [restartedMain] INFO  com.zaxxer.hikari.HikariDataSource - HikariPool-1 - Shutdown completed.
2025-04-01 21:36:20 [restartedMain] INFO  o.a.catalina.core.StandardService - Stopping service [Tomcat]
2025-04-01 21:36:20 [restartedMain] INFO  o.s.b.a.l.ConditionEvaluationReportLogger - 

Error starting ApplicationContext. To display the condition evaluation report re-run your application with 'debug' enabled.
2025-04-01 21:36:20 [restartedMain] ERROR o.s.boot.SpringApplication - Application run failed
org.springframework.beans.factory.BeanCreationException: Error creating bean with name 'entityManagerFactory' defined in class path resource [org/springframework/boot/autoconfigure/orm/jpa/HibernateJpaConfiguration.class]: Failed to initialize dependency 'dataSourceScriptDatabaseInitializer' of LoadTimeWeaverAware bean 'entityManagerFactory': Error creating bean with name 'dataSourceScriptDatabaseInitializer' defined in class path resource [org/springframework/boot/autoconfigure/sql/init/DataSourceInitializationConfiguration.class]: Failed to execute SQL script statement #1 of file [D:\PharmaAssistant\target\classes\data.sql]: INSERT INTO MEDICINE_TYPE_MASTER(MEDICINE_TYPE_CODE, MEDICINE_TYPE_NAME) VALUES('T', 'Tablets')
	at org.springframework.beans.factory.support.AbstractBeanFactory.doGetBean(AbstractBeanFactory.java:328)
	at org.springframework.beans.factory.support.AbstractBeanFactory.getBean(AbstractBeanFactory.java:207)
	at org.springframework.context.support.AbstractApplicationContext.finishBeanFactoryInitialization(AbstractApplicationContext.java:970)
	at org.springframework.context.support.AbstractApplicationContext.refresh(AbstractApplicationContext.java:627)
	at org.springframework.boot.web.servlet.context.ServletWebServerApplicationContext.refresh(ServletWebServerApplicationContext.java:146)
	at org.springframework.boot.SpringApplication.refresh(SpringApplication.java:752)
	at org.springframework.boot.SpringApplication.refreshContext(SpringApplication.java:439)
	at org.springframework.boot.SpringApplication.run(SpringApplication.java:318)
	at org.springframework.boot.SpringApplication.run(SpringApplication.java:1361)
	at org.springframework.boot.SpringApplication.run(SpringApplication.java:1350)
	at com.PharmaAssistant.PharmaAssistantApplication.main(PharmaAssistantApplication.java:10)
	at java.base/jdk.internal.reflect.DirectMethodHandleAccessor.invoke(DirectMethodHandleAccessor.java:103)
	at java.base/java.lang.reflect.Method.invoke(Method.java:580)
	at org.springframework.boot.devtools.restart.RestartLauncher.run(RestartLauncher.java:50)
Caused by: org.springframework.beans.factory.BeanCreationException: Error creating bean with name 'dataSourceScriptDatabaseInitializer' defined in class path resource [org/springframework/boot/autoconfigure/sql/init/DataSourceInitializationConfiguration.class]: Failed to execute SQL script statement #1 of file [D:\PharmaAssistant\target\classes\data.sql]: INSERT INTO MEDICINE_TYPE_MASTER(MEDICINE_TYPE_CODE, MEDICINE_TYPE_NAME) VALUES('T', 'Tablets')
	at org.springframework.beans.factory.support.AbstractAutowireCapableBeanFactory.initializeBean(AbstractAutowireCapableBeanFactory.java:1812)
	at org.springframework.beans.factory.support.AbstractAutowireCapableBeanFactory.doCreateBean(AbstractAutowireCapableBeanFactory.java:601)
	at org.springframework.beans.factory.support.AbstractAutowireCapableBeanFactory.createBean(AbstractAutowireCapableBeanFactory.java:523)
	at org.springframework.beans.factory.support.AbstractBeanFactory.lambda$doGetBean$0(AbstractBeanFactory.java:339)
	at org.springframework.beans.factory.support.DefaultSingletonBeanRegistry.getSingleton(DefaultSingletonBeanRegistry.java:347)
	at org.springframework.beans.factory.support.AbstractBeanFactory.doGetBean(AbstractBeanFactory.java:337)
	at org.springframework.beans.factory.support.AbstractBeanFactory.getBean(AbstractBeanFactory.java:202)
	at org.springframework.beans.factory.support.AbstractBeanFactory.doGetBean(AbstractBeanFactory.java:315)
	... 13 common frames omitted
Caused by: org.springframework.jdbc.datasource.init.ScriptStatementFailedException: Failed to execute SQL script statement #1 of file [D:\PharmaAssistant\target\classes\data.sql]: INSERT INTO MEDICINE_TYPE_MASTER(MEDICINE_TYPE_CODE, MEDICINE_TYPE_NAME) VALUES('T', 'Tablets')
	at org.springframework.jdbc.datasource.init.ScriptUtils.executeSqlScript(ScriptUtils.java:282)
	at org.springframework.jdbc.datasource.init.ResourceDatabasePopulator.populate(ResourceDatabasePopulator.java:254)
	at org.springframework.jdbc.datasource.init.DatabasePopulatorUtils.execute(DatabasePopulatorUtils.java:54)
	at org.springframework.boot.jdbc.init.DataSourceScriptDatabaseInitializer.runScripts(DataSourceScriptDatabaseInitializer.java:87)
	at org.springframework.boot.sql.init.AbstractScriptDatabaseInitializer.runScripts(AbstractScriptDatabaseInitializer.java:146)
	at org.springframework.boot.sql.init.AbstractScriptDatabaseInitializer.applyScripts(AbstractScriptDatabaseInitializer.java:108)
	at org.springframework.boot.sql.init.AbstractScriptDatabaseInitializer.applyDataScripts(AbstractScriptDatabaseInitializer.java:102)
	at org.springframework.boot.sql.init.AbstractScriptDatabaseInitializer.initializeDatabase(AbstractScriptDatabaseInitializer.java:77)
	at org.springframework.boot.sql.init.AbstractScriptDatabaseInitializer.afterPropertiesSet(AbstractScriptDatabaseInitializer.java:66)
	at org.springframework.beans.factory.support.AbstractAutowireCapableBeanFactory.invokeInitMethods(AbstractAutowireCapableBeanFactory.java:1859)
	at org.springframework.beans.factory.support.AbstractAutowireCapableBeanFactory.initializeBean(AbstractAutowireCapableBeanFactory.java:1808)
	... 20 common frames omitted
Caused by: org.h2.jdbc.JdbcSQLSyntaxErrorException: Table "MEDICINE_TYPE_MASTER" not found (this database is empty); SQL statement:
INSERT INTO MEDICINE_TYPE_MASTER(MEDICINE_TYPE_CODE, MEDICINE_TYPE_NAME) VALUES('T', 'Tablets') [42104-232]
	at org.h2.message.DbException.getJdbcSQLException(DbException.java:514)
	at org.h2.message.DbException.getJdbcSQLException(DbException.java:489)
	at org.h2.message.DbException.get(DbException.java:223)
	at org.h2.message.DbException.get(DbException.java:199)
	at org.h2.command.Parser.getTableOrViewNotFoundDbException(Parser.java:7932)
	at org.h2.command.Parser.getTableOrViewNotFoundDbException(Parser.java:7916)
	at org.h2.command.Parser.readTableOrView(Parser.java:7895)
	at org.h2.command.Parser.readTableOrView(Parser.java:7857)
	at org.h2.command.Parser.parseInsert(Parser.java:1521)
	at org.h2.command.Parser.parsePrepared(Parser.java:698)
	at org.h2.command.Parser.parse(Parser.java:581)
	at org.h2.command.Parser.parse(Parser.java:556)
	at org.h2.command.Parser.prepareCommand(Parser.java:484)
	at org.h2.engine.SessionLocal.prepareLocal(SessionLocal.java:645)
	at org.h2.engine.SessionLocal.prepareCommand(SessionLocal.java:561)
	at org.h2.jdbc.JdbcConnection.prepareCommand(JdbcConnection.java:1164)
	at org.h2.jdbc.JdbcStatement.executeInternal(JdbcStatement.java:245)
	at org.h2.jdbc.JdbcStatement.execute(JdbcStatement.java:231)
	at com.zaxxer.hikari.pool.ProxyStatement.execute(ProxyStatement.java:94)
	at com.zaxxer.hikari.pool.HikariProxyStatement.execute(HikariProxyStatement.java)
	at org.springframework.jdbc.datasource.init.ScriptUtils.executeSqlScript(ScriptUtils.java:261)
	... 30 common frames omitted
2025-04-01 21:45:04 [restartedMain] INFO  c.P.PharmaAssistantApplication - Starting PharmaAssistantApplication using Java 22.0.2 with PID 27696 (D:\PharmaAssistant\target\classes started by kapil meshram in D:\PharmaAssistant)
2025-04-01 21:45:04 [restartedMain] INFO  c.P.PharmaAssistantApplication - No active profile set, falling back to 1 default profile: "default"
2025-04-01 21:45:04 [restartedMain] INFO  o.s.b.d.e.DevToolsPropertyDefaultsPostProcessor - Devtools property defaults active! Set 'spring.devtools.add-properties' to 'false' to disable
2025-04-01 21:45:04 [restartedMain] INFO  o.s.b.d.e.DevToolsPropertyDefaultsPostProcessor - For additional web related logging consider setting the 'logging.level.web' property to 'DEBUG'
2025-04-01 21:45:06 [restartedMain] INFO  o.s.d.r.c.RepositoryConfigurationDelegate - Bootstrapping Spring Data JPA repositories in DEFAULT mode.
2025-04-01 21:45:06 [restartedMain] INFO  o.s.d.r.c.RepositoryConfigurationDelegate - Finished Spring Data repository scanning in 82 ms. Found 4 JPA repository interfaces.
2025-04-01 21:45:06 [restartedMain] INFO  o.s.b.w.e.tomcat.TomcatWebServer - Tomcat initialized with port 8080 (http)
2025-04-01 21:45:06 [restartedMain] INFO  o.a.catalina.core.StandardService - Starting service [Tomcat]
2025-04-01 21:45:06 [restartedMain] INFO  o.a.catalina.core.StandardEngine - Starting Servlet engine: [Apache Tomcat/10.1.39]
2025-04-01 21:45:06 [restartedMain] INFO  o.a.c.c.C.[Tomcat].[localhost].[/] - Initializing Spring embedded WebApplicationContext
2025-04-01 21:45:06 [restartedMain] INFO  o.s.b.w.s.c.ServletWebServerApplicationContext - Root WebApplicationContext: initialization completed in 2083 ms
2025-04-01 21:45:07 [restartedMain] INFO  com.zaxxer.hikari.HikariDataSource - HikariPool-1 - Starting...
2025-04-01 21:45:07 [restartedMain] INFO  com.zaxxer.hikari.pool.HikariPool - HikariPool-1 - Added connection conn0: url=jdbc:h2:mem:pharmadb user=SA
2025-04-01 21:45:07 [restartedMain] INFO  com.zaxxer.hikari.HikariDataSource - HikariPool-1 - Start completed.
2025-04-01 21:45:07 [restartedMain] INFO  o.h.jpa.internal.util.LogHelper - HHH000204: Processing PersistenceUnitInfo [name: default]
2025-04-01 21:45:07 [restartedMain] INFO  org.hibernate.Version - HHH000412: Hibernate ORM core version 6.6.11.Final
2025-04-01 21:45:07 [restartedMain] INFO  o.h.c.i.RegionFactoryInitiator - HHH000026: Second-level cache disabled
2025-04-01 21:45:07 [restartedMain] INFO  o.s.o.j.p.SpringPersistenceUnitInfo - No LoadTimeWeaver setup: ignoring JPA class transformer
2025-04-01 21:45:08 [restartedMain] INFO  o.hibernate.orm.connections.pooling - HHH10001005: Database info:
	Database JDBC URL [Connecting through datasource 'HikariDataSource (HikariPool-1)']
	Database driver: undefined/unknown
	Database version: 2.3.232
	Autocommit mode: undefined/unknown
	Isolation level: undefined/unknown
	Minimum pool size: undefined/unknown
	Maximum pool size: undefined/unknown
2025-04-01 21:45:08 [restartedMain] WARN  o.h.b.i.SessionFactoryOptionsBuilder - Unrecognized hibernate.hbm2ddl.auto value: 'none # We'll use schema.sql'.  Supported values include 'create', 'create-drop', 'create-only', 'drop', 'update', 'none' and 'validate'.  Ignoring
2025-04-01 21:45:08 [restartedMain] ERROR o.s.o.j.LocalContainerEntityManagerFactoryBean - Failed to initialize JPA EntityManagerFactory: [PersistenceUnit: default] Unable to build Hibernate SessionFactory; nested exception is java.lang.IllegalArgumentException: Unrecognized 'hibernate.hbm2ddl.auto' setting: 'none # We'll use schema.sql'
2025-04-01 21:45:08 [restartedMain] WARN  o.s.b.w.s.c.AnnotationConfigServletWebServerApplicationContext - Exception encountered during context initialization - cancelling refresh attempt: org.springframework.beans.factory.BeanCreationException: Error creating bean with name 'entityManagerFactory' defined in class path resource [org/springframework/boot/autoconfigure/orm/jpa/HibernateJpaConfiguration.class]: [PersistenceUnit: default] Unable to build Hibernate SessionFactory; nested exception is java.lang.IllegalArgumentException: Unrecognized 'hibernate.hbm2ddl.auto' setting: 'none # We'll use schema.sql'
2025-04-01 21:45:08 [restartedMain] WARN  o.s.b.f.s.DisposableBeanAdapter - Invocation of destroy method failed on bean with name 'inMemoryDatabaseShutdownExecutor': org.h2.jdbc.JdbcSQLNonTransientConnectionException: Database is already closed (to disable automatic closing at VM shutdown, add ";DB_CLOSE_ON_EXIT=FALSE" to the db URL) [90121-232]
2025-04-01 21:45:08 [restartedMain] INFO  com.zaxxer.hikari.HikariDataSource - HikariPool-1 - Shutdown initiated...
2025-04-01 21:45:08 [restartedMain] INFO  com.zaxxer.hikari.HikariDataSource - HikariPool-1 - Shutdown completed.
2025-04-01 21:45:08 [restartedMain] INFO  o.a.catalina.core.StandardService - Stopping service [Tomcat]
2025-04-01 21:45:08 [restartedMain] INFO  o.s.b.a.l.ConditionEvaluationReportLogger - 

Error starting ApplicationContext. To display the condition evaluation report re-run your application with 'debug' enabled.
2025-04-01 21:45:08 [restartedMain] ERROR o.s.boot.SpringApplication - Application run failed
org.springframework.beans.factory.BeanCreationException: Error creating bean with name 'entityManagerFactory' defined in class path resource [org/springframework/boot/autoconfigure/orm/jpa/HibernateJpaConfiguration.class]: [PersistenceUnit: default] Unable to build Hibernate SessionFactory; nested exception is java.lang.IllegalArgumentException: Unrecognized 'hibernate.hbm2ddl.auto' setting: 'none # We'll use schema.sql'
	at org.springframework.beans.factory.support.AbstractAutowireCapableBeanFactory.initializeBean(AbstractAutowireCapableBeanFactory.java:1812)
	at org.springframework.beans.factory.support.AbstractAutowireCapableBeanFactory.doCreateBean(AbstractAutowireCapableBeanFactory.java:601)
	at org.springframework.beans.factory.support.AbstractAutowireCapableBeanFactory.createBean(AbstractAutowireCapableBeanFactory.java:523)
	at org.springframework.beans.factory.support.AbstractBeanFactory.lambda$doGetBean$0(AbstractBeanFactory.java:339)
	at org.springframework.beans.factory.support.DefaultSingletonBeanRegistry.getSingleton(DefaultSingletonBeanRegistry.java:347)
	at org.springframework.beans.factory.support.AbstractBeanFactory.doGetBean(AbstractBeanFactory.java:337)
	at org.springframework.beans.factory.support.AbstractBeanFactory.getBean(AbstractBeanFactory.java:207)
	at org.springframework.context.support.AbstractApplicationContext.finishBeanFactoryInitialization(AbstractApplicationContext.java:970)
	at org.springframework.context.support.AbstractApplicationContext.refresh(AbstractApplicationContext.java:627)
	at org.springframework.boot.web.servlet.context.ServletWebServerApplicationContext.refresh(ServletWebServerApplicationContext.java:146)
	at org.springframework.boot.SpringApplication.refresh(SpringApplication.java:752)
	at org.springframework.boot.SpringApplication.refreshContext(SpringApplication.java:439)
	at org.springframework.boot.SpringApplication.run(SpringApplication.java:318)
	at org.springframework.boot.SpringApplication.run(SpringApplication.java:1361)
	at org.springframework.boot.SpringApplication.run(SpringApplication.java:1350)
	at com.PharmaAssistant.PharmaAssistantApplication.main(PharmaAssistantApplication.java:10)
	at java.base/jdk.internal.reflect.DirectMethodHandleAccessor.invoke(DirectMethodHandleAccessor.java:103)
	at java.base/java.lang.reflect.Method.invoke(Method.java:580)
	at org.springframework.boot.devtools.restart.RestartLauncher.run(RestartLauncher.java:50)
Caused by: jakarta.persistence.PersistenceException: [PersistenceUnit: default] Unable to build Hibernate SessionFactory; nested exception is java.lang.IllegalArgumentException: Unrecognized 'hibernate.hbm2ddl.auto' setting: 'none # We'll use schema.sql'
	at org.springframework.orm.jpa.AbstractEntityManagerFactoryBean.buildNativeEntityManagerFactory(AbstractEntityManagerFactoryBean.java:431)
	at org.springframework.orm.jpa.AbstractEntityManagerFactoryBean.afterPropertiesSet(AbstractEntityManagerFactoryBean.java:400)
	at org.springframework.orm.jpa.LocalContainerEntityManagerFactoryBean.afterPropertiesSet(LocalContainerEntityManagerFactoryBean.java:366)
	at org.springframework.beans.factory.support.AbstractAutowireCapableBeanFactory.invokeInitMethods(AbstractAutowireCapableBeanFactory.java:1859)
	at org.springframework.beans.factory.support.AbstractAutowireCapableBeanFactory.initializeBean(AbstractAutowireCapableBeanFactory.java:1808)
	... 18 common frames omitted
Caused by: java.lang.IllegalArgumentException: Unrecognized 'hibernate.hbm2ddl.auto' setting: 'none # We'll use schema.sql'
	at org.hibernate.tool.schema.Action.interpretHbm2ddlSetting(Action.java:305)
	at org.hibernate.tool.schema.spi.SchemaManagementToolCoordinator$ActionGrouping.determineAutoSettingImpliedAction(SchemaManagementToolCoordinator.java:721)
	at org.hibernate.tool.schema.spi.SchemaManagementToolCoordinator$ActionGrouping.interpret(SchemaManagementToolCoordinator.java:729)
	at org.hibernate.tool.schema.spi.SchemaManagementToolCoordinator$ActionGrouping.interpret(SchemaManagementToolCoordinator.java:766)
	at org.hibernate.boot.internal.MetadataImpl.shouldOrderTableColumns(MetadataImpl.java:476)
	at org.hibernate.boot.internal.MetadataImpl.orderColumns(MetadataImpl.java:405)
	at org.hibernate.internal.SessionFactoryImpl.<init>(SessionFactoryImpl.java:281)
	at org.hibernate.boot.internal.SessionFactoryBuilderImpl.build(SessionFactoryBuilderImpl.java:463)
	at org.hibernate.jpa.boot.internal.EntityManagerFactoryBuilderImpl.build(EntityManagerFactoryBuilderImpl.java:1517)
	at org.springframework.orm.jpa.vendor.SpringHibernateJpaPersistenceProvider.createContainerEntityManagerFactory(SpringHibernateJpaPersistenceProvider.java:66)
	at org.springframework.orm.jpa.LocalContainerEntityManagerFactoryBean.createNativeEntityManagerFactory(LocalContainerEntityManagerFactoryBean.java:390)
	at org.springframework.orm.jpa.AbstractEntityManagerFactoryBean.buildNativeEntityManagerFactory(AbstractEntityManagerFactoryBean.java:419)
	... 22 common frames omitted
2025-04-01 21:48:41 [restartedMain] INFO  c.P.PharmaAssistantApplication - Starting PharmaAssistantApplication using Java 22.0.2 with PID 12232 (D:\PharmaAssistant\target\classes started by kapil meshram in D:\PharmaAssistant)
2025-04-01 21:48:41 [restartedMain] INFO  c.P.PharmaAssistantApplication - No active profile set, falling back to 1 default profile: "default"
2025-04-01 21:48:41 [restartedMain] INFO  o.s.b.d.e.DevToolsPropertyDefaultsPostProcessor - Devtools property defaults active! Set 'spring.devtools.add-properties' to 'false' to disable
2025-04-01 21:48:41 [restartedMain] INFO  o.s.b.d.e.DevToolsPropertyDefaultsPostProcessor - For additional web related logging consider setting the 'logging.level.web' property to 'DEBUG'
2025-04-01 21:48:42 [restartedMain] INFO  o.s.d.r.c.RepositoryConfigurationDelegate - Bootstrapping Spring Data JPA repositories in DEFAULT mode.
2025-04-01 21:48:42 [restartedMain] INFO  o.s.d.r.c.RepositoryConfigurationDelegate - Finished Spring Data repository scanning in 79 ms. Found 4 JPA repository interfaces.
2025-04-01 21:48:43 [restartedMain] INFO  o.s.b.w.e.tomcat.TomcatWebServer - Tomcat initialized with port 8080 (http)
2025-04-01 21:48:43 [restartedMain] INFO  o.a.catalina.core.StandardService - Starting service [Tomcat]
2025-04-01 21:48:43 [restartedMain] INFO  o.a.catalina.core.StandardEngine - Starting Servlet engine: [Apache Tomcat/10.1.39]
2025-04-01 21:48:43 [restartedMain] INFO  o.a.c.c.C.[Tomcat].[localhost].[/] - Initializing Spring embedded WebApplicationContext
2025-04-01 21:48:43 [restartedMain] INFO  o.s.b.w.s.c.ServletWebServerApplicationContext - Root WebApplicationContext: initialization completed in 1865 ms
2025-04-01 21:48:43 [restartedMain] INFO  com.zaxxer.hikari.HikariDataSource - HikariPool-1 - Starting...
2025-04-01 21:48:43 [restartedMain] INFO  com.zaxxer.hikari.pool.HikariPool - HikariPool-1 - Added connection conn0: url=jdbc:h2:mem:pharmadb user=SA
2025-04-01 21:48:43 [restartedMain] INFO  com.zaxxer.hikari.HikariDataSource - HikariPool-1 - Start completed.
2025-04-01 21:48:43 [restartedMain] INFO  o.h.jpa.internal.util.LogHelper - HHH000204: Processing PersistenceUnitInfo [name: default]
2025-04-01 21:48:43 [restartedMain] INFO  org.hibernate.Version - HHH000412: Hibernate ORM core version 6.6.11.Final
2025-04-01 21:48:43 [restartedMain] INFO  o.h.c.i.RegionFactoryInitiator - HHH000026: Second-level cache disabled
2025-04-01 21:48:44 [restartedMain] INFO  o.s.o.j.p.SpringPersistenceUnitInfo - No LoadTimeWeaver setup: ignoring JPA class transformer
2025-04-01 21:48:44 [restartedMain] WARN  org.hibernate.orm.deprecation - HHH90000025: H2Dialect does not need to be specified explicitly using 'hibernate.dialect' (remove the property setting and it will be selected by default)
2025-04-01 21:48:44 [restartedMain] INFO  o.hibernate.orm.connections.pooling - HHH10001005: Database info:
	Database JDBC URL [Connecting through datasource 'HikariDataSource (HikariPool-1)']
	Database driver: undefined/unknown
	Database version: 2.3.232
	Autocommit mode: undefined/unknown
	Isolation level: undefined/unknown
	Minimum pool size: undefined/unknown
	Maximum pool size: undefined/unknown
2025-04-01 21:48:45 [restartedMain] INFO  o.h.e.t.j.p.i.JtaPlatformInitiator - HHH000489: No JTA platform available (set 'hibernate.transaction.jta.platform' to enable JTA platform integration)
2025-04-01 21:48:45 [restartedMain] INFO  o.s.o.j.LocalContainerEntityManagerFactoryBean - Initialized JPA EntityManagerFactory for persistence unit 'default'
2025-04-01 21:48:45 [restartedMain] WARN  o.s.b.w.s.c.AnnotationConfigServletWebServerApplicationContext - Exception encountered during context initialization - cancelling refresh attempt: org.springframework.beans.factory.UnsatisfiedDependencyException: Error creating bean with name 'apiDescriptionReader' defined in URL [jar:file:/C:/Users/kapil%20meshram/.m2/repository/io/springfox/springfox-spring-web/2.9.2/springfox-spring-web-2.9.2.jar!/springfox/documentation/spring/web/scanners/ApiDescriptionReader.class]: Unsatisfied dependency expressed through constructor parameter 0: Error creating bean with name 'cachingOperationReader' defined in URL [jar:file:/C:/Users/kapil%20meshram/.m2/repository/io/springfox/springfox-spring-web/2.9.2/springfox-spring-web-2.9.2.jar!/springfox/documentation/spring/web/scanners/CachingOperationReader.class]: Unsatisfied dependency expressed through constructor parameter 0: Error creating bean with name 'apiOperationReader' defined in URL [jar:file:/C:/Users/kapil%20meshram/.m2/repository/io/springfox/springfox-spring-web/2.9.2/springfox-spring-web-2.9.2.jar!/springfox/documentation/spring/web/readers/operation/ApiOperationReader.class]: Unsatisfied dependency expressed through constructor parameter 0: Error creating bean with name 'documentationPluginsManager': Unsatisfied dependency expressed through field 'documentationPlugins': Error creating bean with name 'documentationPluginRegistry': 'void org.springframework.util.Assert.notNull(java.lang.Object)'
2025-04-01 21:48:45 [restartedMain] INFO  o.s.o.j.LocalContainerEntityManagerFactoryBean - Closing JPA EntityManagerFactory for persistence unit 'default'
2025-04-01 21:48:45 [restartedMain] WARN  o.s.b.f.s.DisposableBeanAdapter - Invocation of destroy method failed on bean with name 'inMemoryDatabaseShutdownExecutor': org.h2.jdbc.JdbcSQLNonTransientConnectionException: Database is already closed (to disable automatic closing at VM shutdown, add ";DB_CLOSE_ON_EXIT=FALSE" to the db URL) [90121-232]
2025-04-01 21:48:45 [restartedMain] INFO  com.zaxxer.hikari.HikariDataSource - HikariPool-1 - Shutdown initiated...
2025-04-01 21:48:45 [restartedMain] INFO  com.zaxxer.hikari.HikariDataSource - HikariPool-1 - Shutdown completed.
2025-04-01 21:48:45 [restartedMain] INFO  o.a.catalina.core.StandardService - Stopping service [Tomcat]
2025-04-01 21:48:45 [restartedMain] INFO  o.s.b.a.l.ConditionEvaluationReportLogger - 

Error starting ApplicationContext. To display the condition evaluation report re-run your application with 'debug' enabled.
2025-04-01 21:48:45 [restartedMain] ERROR o.s.b.d.LoggingFailureAnalysisReporter - 

***************************
APPLICATION FAILED TO START
***************************

Description:

An attempt was made to call a method that does not exist. The attempt was made from the following location:

    org.springframework.plugin.core.support.AbstractTypeAwareSupport$BeansOfTypeTargetSource.<init>(AbstractTypeAwareSupport.java:135)

The following method did not exist:

    'void org.springframework.util.Assert.notNull(java.lang.Object)'

The calling method's class, org.springframework.plugin.core.support.AbstractTypeAwareSupport$BeansOfTypeTargetSource, was loaded from the following location:

    jar:file:/C:/Users/kapil%20meshram/.m2/repository/org/springframework/plugin/spring-plugin-core/1.2.0.RELEASE/spring-plugin-core-1.2.0.RELEASE.jar!/org/springframework/plugin/core/support/AbstractTypeAwareSupport$BeansOfTypeTargetSource.class

The called method's class, org.springframework.util.Assert, is available from the following locations:

    jar:file:/C:/Users/kapil%20meshram/.m2/repository/org/springframework/spring-core/6.2.5/spring-core-6.2.5.jar!/org/springframework/util/Assert.class

The called method's class hierarchy was loaded from the following locations:

    org.springframework.util.Assert: file:/C:/Users/kapil%20meshram/.m2/repository/org/springframework/spring-core/6.2.5/spring-core-6.2.5.jar


Action:

Correct the classpath of your application so that it contains compatible versions of the classes org.springframework.plugin.core.support.AbstractTypeAwareSupport$BeansOfTypeTargetSource and org.springframework.util.Assert

2025-04-01 22:37:12 [restartedMain] INFO  c.P.PharmaAssistantApplication - Starting PharmaAssistantApplication using Java 22.0.2 with PID 1800 (D:\PharmaAssistant\target\classes started by kapil meshram in D:\PharmaAssistant)
2025-04-01 22:37:12 [restartedMain] INFO  c.P.PharmaAssistantApplication - No active profile set, falling back to 1 default profile: "default"
2025-04-01 22:37:12 [restartedMain] INFO  o.s.b.d.e.DevToolsPropertyDefaultsPostProcessor - Devtools property defaults active! Set 'spring.devtools.add-properties' to 'false' to disable
2025-04-01 22:37:12 [restartedMain] INFO  o.s.b.d.e.DevToolsPropertyDefaultsPostProcessor - For additional web related logging consider setting the 'logging.level.web' property to 'DEBUG'
2025-04-01 22:37:13 [restartedMain] INFO  o.s.d.r.c.RepositoryConfigurationDelegate - Bootstrapping Spring Data JPA repositories in DEFAULT mode.
2025-04-01 22:37:14 [restartedMain] INFO  o.s.d.r.c.RepositoryConfigurationDelegate - Finished Spring Data repository scanning in 121 ms. Found 4 JPA repository interfaces.
2025-04-01 22:37:15 [restartedMain] INFO  o.s.b.w.e.tomcat.TomcatWebServer - Tomcat initialized with port 8080 (http)
2025-04-01 22:37:15 [restartedMain] INFO  o.a.catalina.core.StandardService - Starting service [Tomcat]
2025-04-01 22:37:15 [restartedMain] INFO  o.a.catalina.core.StandardEngine - Starting Servlet engine: [Apache Tomcat/10.1.39]
2025-04-01 22:37:15 [restartedMain] INFO  o.a.c.c.C.[Tomcat].[localhost].[/] - Initializing Spring embedded WebApplicationContext
2025-04-01 22:37:15 [restartedMain] INFO  o.s.b.w.s.c.ServletWebServerApplicationContext - Root WebApplicationContext: initialization completed in 3093 ms
2025-04-01 22:37:15 [restartedMain] INFO  com.zaxxer.hikari.HikariDataSource - HikariPool-1 - Starting...
2025-04-01 22:37:15 [restartedMain] INFO  com.zaxxer.hikari.pool.HikariPool - HikariPool-1 - Added connection conn0: url=jdbc:h2:mem:pharmadb user=SA
2025-04-01 22:37:15 [restartedMain] INFO  com.zaxxer.hikari.HikariDataSource - HikariPool-1 - Start completed.
2025-04-01 22:37:16 [restartedMain] INFO  o.h.jpa.internal.util.LogHelper - HHH000204: Processing PersistenceUnitInfo [name: default]
2025-04-01 22:37:16 [restartedMain] INFO  org.hibernate.Version - HHH000412: Hibernate ORM core version 6.6.11.Final
2025-04-01 22:37:16 [restartedMain] INFO  o.h.c.i.RegionFactoryInitiator - HHH000026: Second-level cache disabled
2025-04-01 22:37:16 [restartedMain] INFO  o.s.o.j.p.SpringPersistenceUnitInfo - No LoadTimeWeaver setup: ignoring JPA class transformer
2025-04-01 22:37:16 [restartedMain] WARN  org.hibernate.orm.deprecation - HHH90000025: H2Dialect does not need to be specified explicitly using 'hibernate.dialect' (remove the property setting and it will be selected by default)
2025-04-01 22:37:17 [restartedMain] INFO  o.hibernate.orm.connections.pooling - HHH10001005: Database info:
	Database JDBC URL [Connecting through datasource 'HikariDataSource (HikariPool-1)']
	Database driver: undefined/unknown
	Database version: 2.3.232
	Autocommit mode: undefined/unknown
	Isolation level: undefined/unknown
	Minimum pool size: undefined/unknown
	Maximum pool size: undefined/unknown
2025-04-01 22:37:18 [restartedMain] INFO  o.h.e.t.j.p.i.JtaPlatformInitiator - HHH000489: No JTA platform available (set 'hibernate.transaction.jta.platform' to enable JTA platform integration)
2025-04-01 22:37:18 [restartedMain] INFO  o.s.o.j.LocalContainerEntityManagerFactoryBean - Initialized JPA EntityManagerFactory for persistence unit 'default'
2025-04-01 22:37:19 [restartedMain] WARN  o.s.b.w.s.c.AnnotationConfigServletWebServerApplicationContext - Exception encountered during context initialization - cancelling refresh attempt: org.springframework.beans.factory.UnsatisfiedDependencyException: Error creating bean with name 'apiDescriptionReader' defined in URL [jar:file:/C:/Users/kapil%20meshram/.m2/repository/io/springfox/springfox-spring-web/2.9.2/springfox-spring-web-2.9.2.jar!/springfox/documentation/spring/web/scanners/ApiDescriptionReader.class]: Unsatisfied dependency expressed through constructor parameter 0: Error creating bean with name 'cachingOperationReader' defined in URL [jar:file:/C:/Users/kapil%20meshram/.m2/repository/io/springfox/springfox-spring-web/2.9.2/springfox-spring-web-2.9.2.jar!/springfox/documentation/spring/web/scanners/CachingOperationReader.class]: Unsatisfied dependency expressed through constructor parameter 0: Error creating bean with name 'apiOperationReader' defined in URL [jar:file:/C:/Users/kapil%20meshram/.m2/repository/io/springfox/springfox-spring-web/2.9.2/springfox-spring-web-2.9.2.jar!/springfox/documentation/spring/web/readers/operation/ApiOperationReader.class]: Unsatisfied dependency expressed through constructor parameter 0: Error creating bean with name 'documentationPluginsManager': Unsatisfied dependency expressed through field 'documentationPlugins': Error creating bean with name 'documentationPluginRegistry': 'void org.springframework.util.Assert.notNull(java.lang.Object)'
2025-04-01 22:37:19 [restartedMain] INFO  o.s.o.j.LocalContainerEntityManagerFactoryBean - Closing JPA EntityManagerFactory for persistence unit 'default'
2025-04-01 22:37:19 [restartedMain] WARN  o.s.b.f.s.DisposableBeanAdapter - Invocation of destroy method failed on bean with name 'inMemoryDatabaseShutdownExecutor': org.h2.jdbc.JdbcSQLNonTransientConnectionException: Database is already closed (to disable automatic closing at VM shutdown, add ";DB_CLOSE_ON_EXIT=FALSE" to the db URL) [90121-232]
2025-04-01 22:37:19 [restartedMain] INFO  com.zaxxer.hikari.HikariDataSource - HikariPool-1 - Shutdown initiated...
2025-04-01 22:37:19 [restartedMain] INFO  com.zaxxer.hikari.HikariDataSource - HikariPool-1 - Shutdown completed.
2025-04-01 22:37:19 [restartedMain] INFO  o.a.catalina.core.StandardService - Stopping service [Tomcat]
2025-04-01 22:37:19 [restartedMain] INFO  o.s.b.a.l.ConditionEvaluationReportLogger - 

Error starting ApplicationContext. To display the condition evaluation report re-run your application with 'debug' enabled.
2025-04-01 22:37:19 [restartedMain] ERROR o.s.b.d.LoggingFailureAnalysisReporter - 

***************************
APPLICATION FAILED TO START
***************************

Description:

An attempt was made to call a method that does not exist. The attempt was made from the following location:

    org.springframework.plugin.core.support.AbstractTypeAwareSupport$BeansOfTypeTargetSource.<init>(AbstractTypeAwareSupport.java:135)

The following method did not exist:

    'void org.springframework.util.Assert.notNull(java.lang.Object)'

The calling method's class, org.springframework.plugin.core.support.AbstractTypeAwareSupport$BeansOfTypeTargetSource, was loaded from the following location:

    jar:file:/C:/Users/kapil%20meshram/.m2/repository/org/springframework/plugin/spring-plugin-core/1.2.0.RELEASE/spring-plugin-core-1.2.0.RELEASE.jar!/org/springframework/plugin/core/support/AbstractTypeAwareSupport$BeansOfTypeTargetSource.class

The called method's class, org.springframework.util.Assert, is available from the following locations:

    jar:file:/C:/Users/kapil%20meshram/.m2/repository/org/springframework/spring-core/6.2.5/spring-core-6.2.5.jar!/org/springframework/util/Assert.class

The called method's class hierarchy was loaded from the following locations:

    org.springframework.util.Assert: file:/C:/Users/kapil%20meshram/.m2/repository/org/springframework/spring-core/6.2.5/spring-core-6.2.5.jar


Action:

Correct the classpath of your application so that it contains compatible versions of the classes org.springframework.plugin.core.support.AbstractTypeAwareSupport$BeansOfTypeTargetSource and org.springframework.util.Assert

2025-04-01 22:38:54 [restartedMain] INFO  c.P.PharmaAssistantApplication - Starting PharmaAssistantApplication using Java 22.0.2 with PID 23468 (D:\PharmaAssistant\target\classes started by kapil meshram in D:\PharmaAssistant)
2025-04-01 22:38:54 [restartedMain] INFO  c.P.PharmaAssistantApplication - No active profile set, falling back to 1 default profile: "default"
2025-04-01 22:38:54 [restartedMain] INFO  o.s.b.d.e.DevToolsPropertyDefaultsPostProcessor - Devtools property defaults active! Set 'spring.devtools.add-properties' to 'false' to disable
2025-04-01 22:38:54 [restartedMain] INFO  o.s.b.d.e.DevToolsPropertyDefaultsPostProcessor - For additional web related logging consider setting the 'logging.level.web' property to 'DEBUG'
2025-04-01 22:38:56 [restartedMain] INFO  o.s.d.r.c.RepositoryConfigurationDelegate - Bootstrapping Spring Data JPA repositories in DEFAULT mode.
2025-04-01 22:38:56 [restartedMain] INFO  o.s.d.r.c.RepositoryConfigurationDelegate - Finished Spring Data repository scanning in 117 ms. Found 4 JPA repository interfaces.
2025-04-01 22:38:57 [restartedMain] INFO  o.s.b.w.e.tomcat.TomcatWebServer - Tomcat initialized with port 8080 (http)
2025-04-01 22:38:57 [restartedMain] INFO  o.a.catalina.core.StandardService - Starting service [Tomcat]
2025-04-01 22:38:57 [restartedMain] INFO  o.a.catalina.core.StandardEngine - Starting Servlet engine: [Apache Tomcat/10.1.39]
2025-04-01 22:38:57 [restartedMain] INFO  o.a.c.c.C.[Tomcat].[localhost].[/] - Initializing Spring embedded WebApplicationContext
2025-04-01 22:38:57 [restartedMain] INFO  o.s.b.w.s.c.ServletWebServerApplicationContext - Root WebApplicationContext: initialization completed in 3083 ms
2025-04-01 22:38:58 [restartedMain] INFO  com.zaxxer.hikari.HikariDataSource - HikariPool-1 - Starting...
2025-04-01 22:38:58 [restartedMain] INFO  com.zaxxer.hikari.pool.HikariPool - HikariPool-1 - Added connection conn0: url=jdbc:h2:mem:pharmadb user=SA
2025-04-01 22:38:58 [restartedMain] INFO  com.zaxxer.hikari.HikariDataSource - HikariPool-1 - Start completed.
2025-04-01 22:38:58 [restartedMain] INFO  o.h.jpa.internal.util.LogHelper - HHH000204: Processing PersistenceUnitInfo [name: default]
2025-04-01 22:38:58 [restartedMain] INFO  org.hibernate.Version - HHH000412: Hibernate ORM core version 6.6.11.Final
2025-04-01 22:38:58 [restartedMain] INFO  o.h.c.i.RegionFactoryInitiator - HHH000026: Second-level cache disabled
2025-04-01 22:38:59 [restartedMain] INFO  o.s.o.j.p.SpringPersistenceUnitInfo - No LoadTimeWeaver setup: ignoring JPA class transformer
2025-04-01 22:38:59 [restartedMain] WARN  org.hibernate.orm.deprecation - HHH90000025: H2Dialect does not need to be specified explicitly using 'hibernate.dialect' (remove the property setting and it will be selected by default)
2025-04-01 22:38:59 [restartedMain] INFO  o.hibernate.orm.connections.pooling - HHH10001005: Database info:
	Database JDBC URL [Connecting through datasource 'HikariDataSource (HikariPool-1)']
	Database driver: undefined/unknown
	Database version: 2.3.232
	Autocommit mode: undefined/unknown
	Isolation level: undefined/unknown
	Minimum pool size: undefined/unknown
	Maximum pool size: undefined/unknown
2025-04-01 22:39:00 [restartedMain] INFO  o.h.e.t.j.p.i.JtaPlatformInitiator - HHH000489: No JTA platform available (set 'hibernate.transaction.jta.platform' to enable JTA platform integration)
2025-04-01 22:39:00 [restartedMain] INFO  o.s.o.j.LocalContainerEntityManagerFactoryBean - Initialized JPA EntityManagerFactory for persistence unit 'default'
2025-04-01 22:39:01 [restartedMain] WARN  o.s.b.w.s.c.AnnotationConfigServletWebServerApplicationContext - Exception encountered during context initialization - cancelling refresh attempt: org.springframework.beans.factory.UnsatisfiedDependencyException: Error creating bean with name 'apiDescriptionReader' defined in URL [jar:file:/C:/Users/kapil%20meshram/.m2/repository/io/springfox/springfox-spring-web/2.9.2/springfox-spring-web-2.9.2.jar!/springfox/documentation/spring/web/scanners/ApiDescriptionReader.class]: Unsatisfied dependency expressed through constructor parameter 0: Error creating bean with name 'cachingOperationReader' defined in URL [jar:file:/C:/Users/kapil%20meshram/.m2/repository/io/springfox/springfox-spring-web/2.9.2/springfox-spring-web-2.9.2.jar!/springfox/documentation/spring/web/scanners/CachingOperationReader.class]: Unsatisfied dependency expressed through constructor parameter 0: Error creating bean with name 'apiOperationReader' defined in URL [jar:file:/C:/Users/kapil%20meshram/.m2/repository/io/springfox/springfox-spring-web/2.9.2/springfox-spring-web-2.9.2.jar!/springfox/documentation/spring/web/readers/operation/ApiOperationReader.class]: Unsatisfied dependency expressed through constructor parameter 0: Error creating bean with name 'documentationPluginsManager': Unsatisfied dependency expressed through field 'documentationPlugins': Error creating bean with name 'documentationPluginRegistry': 'void org.springframework.util.Assert.notNull(java.lang.Object)'
2025-04-01 22:39:01 [restartedMain] INFO  o.s.o.j.LocalContainerEntityManagerFactoryBean - Closing JPA EntityManagerFactory for persistence unit 'default'
2025-04-01 22:39:01 [restartedMain] WARN  o.s.b.f.s.DisposableBeanAdapter - Invocation of destroy method failed on bean with name 'inMemoryDatabaseShutdownExecutor': org.h2.jdbc.JdbcSQLNonTransientConnectionException: Database is already closed (to disable automatic closing at VM shutdown, add ";DB_CLOSE_ON_EXIT=FALSE" to the db URL) [90121-232]
2025-04-01 22:39:01 [restartedMain] INFO  com.zaxxer.hikari.HikariDataSource - HikariPool-1 - Shutdown initiated...
2025-04-01 22:39:01 [restartedMain] INFO  com.zaxxer.hikari.HikariDataSource - HikariPool-1 - Shutdown completed.
2025-04-01 22:39:01 [restartedMain] INFO  o.a.catalina.core.StandardService - Stopping service [Tomcat]
2025-04-01 22:39:01 [restartedMain] INFO  o.s.b.a.l.ConditionEvaluationReportLogger - 

Error starting ApplicationContext. To display the condition evaluation report re-run your application with 'debug' enabled.
2025-04-01 22:39:01 [restartedMain] ERROR o.s.b.d.LoggingFailureAnalysisReporter - 

***************************
APPLICATION FAILED TO START
***************************

Description:

An attempt was made to call a method that does not exist. The attempt was made from the following location:

    org.springframework.plugin.core.support.AbstractTypeAwareSupport$BeansOfTypeTargetSource.<init>(AbstractTypeAwareSupport.java:135)

The following method did not exist:

    'void org.springframework.util.Assert.notNull(java.lang.Object)'

The calling method's class, org.springframework.plugin.core.support.AbstractTypeAwareSupport$BeansOfTypeTargetSource, was loaded from the following location:

    jar:file:/C:/Users/kapil%20meshram/.m2/repository/org/springframework/plugin/spring-plugin-core/1.2.0.RELEASE/spring-plugin-core-1.2.0.RELEASE.jar!/org/springframework/plugin/core/support/AbstractTypeAwareSupport$BeansOfTypeTargetSource.class

The called method's class, org.springframework.util.Assert, is available from the following locations:

    jar:file:/C:/Users/kapil%20meshram/.m2/repository/org/springframework/spring-core/6.2.5/spring-core-6.2.5.jar!/org/springframework/util/Assert.class

The called method's class hierarchy was loaded from the following locations:

    org.springframework.util.Assert: file:/C:/Users/kapil%20meshram/.m2/repository/org/springframework/spring-core/6.2.5/spring-core-6.2.5.jar


Action:

Correct the classpath of your application so that it contains compatible versions of the classes org.springframework.plugin.core.support.AbstractTypeAwareSupport$BeansOfTypeTargetSource and org.springframework.util.Assert

2025-04-01 22:40:28 [main] INFO  c.P.PharmaAssistantApplicationTests - Starting PharmaAssistantApplicationTests using Java 22.0.2 with PID 11484 (started by kapil meshram in D:\PharmaAssistant)
2025-04-01 22:40:28 [main] INFO  c.P.PharmaAssistantApplicationTests - No active profile set, falling back to 1 default profile: "default"
2025-04-01 22:40:29 [main] INFO  o.s.d.r.c.RepositoryConfigurationDelegate - Bootstrapping Spring Data JPA repositories in DEFAULT mode.
2025-04-01 22:40:29 [main] INFO  o.s.d.r.c.RepositoryConfigurationDelegate - Finished Spring Data repository scanning in 121 ms. Found 4 JPA repository interfaces.
2025-04-01 22:40:30 [main] INFO  com.zaxxer.hikari.HikariDataSource - HikariPool-1 - Starting...
2025-04-01 22:40:30 [main] INFO  com.zaxxer.hikari.pool.HikariPool - HikariPool-1 - Added connection conn0: url=jdbc:h2:mem:pharmadb user=SA
2025-04-01 22:40:30 [main] INFO  com.zaxxer.hikari.HikariDataSource - HikariPool-1 - Start completed.
2025-04-01 22:40:30 [main] INFO  o.h.jpa.internal.util.LogHelper - HHH000204: Processing PersistenceUnitInfo [name: default]
2025-04-01 22:40:31 [main] INFO  org.hibernate.Version - HHH000412: Hibernate ORM core version 6.6.11.Final
2025-04-01 22:40:31 [main] INFO  o.h.c.i.RegionFactoryInitiator - HHH000026: Second-level cache disabled
2025-04-01 22:40:31 [main] INFO  o.s.o.j.p.SpringPersistenceUnitInfo - No LoadTimeWeaver setup: ignoring JPA class transformer
2025-04-01 22:40:31 [main] WARN  org.hibernate.orm.deprecation - HHH90000025: H2Dialect does not need to be specified explicitly using 'hibernate.dialect' (remove the property setting and it will be selected by default)
2025-04-01 22:40:31 [main] INFO  o.hibernate.orm.connections.pooling - HHH10001005: Database info:
	Database JDBC URL [Connecting through datasource 'HikariDataSource (HikariPool-1)']
	Database driver: undefined/unknown
	Database version: 2.3.232
	Autocommit mode: undefined/unknown
	Isolation level: undefined/unknown
	Minimum pool size: undefined/unknown
	Maximum pool size: undefined/unknown
2025-04-01 22:40:33 [main] INFO  o.h.e.t.j.p.i.JtaPlatformInitiator - HHH000489: No JTA platform available (set 'hibernate.transaction.jta.platform' to enable JTA platform integration)
2025-04-01 22:40:33 [main] INFO  o.s.o.j.LocalContainerEntityManagerFactoryBean - Initialized JPA EntityManagerFactory for persistence unit 'default'
2025-04-01 22:40:33 [main] WARN  o.s.w.c.s.GenericWebApplicationContext - Exception encountered during context initialization - cancelling refresh attempt: org.springframework.beans.factory.UnsatisfiedDependencyException: Error creating bean with name 'apiDescriptionReader' defined in URL [jar:file:/C:/Users/kapil%20meshram/.m2/repository/io/springfox/springfox-spring-web/2.9.2/springfox-spring-web-2.9.2.jar!/springfox/documentation/spring/web/scanners/ApiDescriptionReader.class]: Unsatisfied dependency expressed through constructor parameter 0: Error creating bean with name 'cachingOperationReader' defined in URL [jar:file:/C:/Users/kapil%20meshram/.m2/repository/io/springfox/springfox-spring-web/2.9.2/springfox-spring-web-2.9.2.jar!/springfox/documentation/spring/web/scanners/CachingOperationReader.class]: Unsatisfied dependency expressed through constructor parameter 0: Error creating bean with name 'apiOperationReader' defined in URL [jar:file:/C:/Users/kapil%20meshram/.m2/repository/io/springfox/springfox-spring-web/2.9.2/springfox-spring-web-2.9.2.jar!/springfox/documentation/spring/web/readers/operation/ApiOperationReader.class]: Unsatisfied dependency expressed through constructor parameter 0: Error creating bean with name 'documentationPluginsManager': Unsatisfied dependency expressed through field 'documentationPlugins': Error creating bean with name 'documentationPluginRegistry': 'void org.springframework.util.Assert.notNull(java.lang.Object)'
2025-04-01 22:40:33 [main] INFO  o.s.o.j.LocalContainerEntityManagerFactoryBean - Closing JPA EntityManagerFactory for persistence unit 'default'
2025-04-01 22:40:33 [main] INFO  com.zaxxer.hikari.HikariDataSource - HikariPool-1 - Shutdown initiated...
2025-04-01 22:40:33 [main] INFO  com.zaxxer.hikari.HikariDataSource - HikariPool-1 - Shutdown completed.
2025-04-01 22:40:42 [restartedMain] INFO  c.P.PharmaAssistantApplication - Starting PharmaAssistantApplication using Java 22.0.2 with PID 31252 (D:\PharmaAssistant\target\classes started by kapil meshram in D:\PharmaAssistant)
2025-04-01 22:40:42 [restartedMain] INFO  c.P.PharmaAssistantApplication - No active profile set, falling back to 1 default profile: "default"
2025-04-01 22:40:42 [restartedMain] INFO  o.s.b.d.e.DevToolsPropertyDefaultsPostProcessor - Devtools property defaults active! Set 'spring.devtools.add-properties' to 'false' to disable
2025-04-01 22:40:42 [restartedMain] INFO  o.s.b.d.e.DevToolsPropertyDefaultsPostProcessor - For additional web related logging consider setting the 'logging.level.web' property to 'DEBUG'
2025-04-01 22:40:44 [restartedMain] INFO  o.s.d.r.c.RepositoryConfigurationDelegate - Bootstrapping Spring Data JPA repositories in DEFAULT mode.
2025-04-01 22:40:44 [restartedMain] INFO  o.s.d.r.c.RepositoryConfigurationDelegate - Finished Spring Data repository scanning in 112 ms. Found 4 JPA repository interfaces.
2025-04-01 22:40:45 [restartedMain] INFO  o.s.b.w.e.tomcat.TomcatWebServer - Tomcat initialized with port 8080 (http)
2025-04-01 22:40:45 [restartedMain] INFO  o.a.catalina.core.StandardService - Starting service [Tomcat]
2025-04-01 22:40:45 [restartedMain] INFO  o.a.catalina.core.StandardEngine - Starting Servlet engine: [Apache Tomcat/10.1.39]
2025-04-01 22:40:45 [restartedMain] INFO  o.a.c.c.C.[Tomcat].[localhost].[/] - Initializing Spring embedded WebApplicationContext
2025-04-01 22:40:45 [restartedMain] INFO  o.s.b.w.s.c.ServletWebServerApplicationContext - Root WebApplicationContext: initialization completed in 3078 ms
2025-04-01 22:40:46 [restartedMain] INFO  com.zaxxer.hikari.HikariDataSource - HikariPool-1 - Starting...
2025-04-01 22:40:46 [restartedMain] INFO  com.zaxxer.hikari.pool.HikariPool - HikariPool-1 - Added connection conn0: url=jdbc:h2:mem:pharmadb user=SA
2025-04-01 22:40:46 [restartedMain] INFO  com.zaxxer.hikari.HikariDataSource - HikariPool-1 - Start completed.
2025-04-01 22:40:46 [restartedMain] INFO  o.h.jpa.internal.util.LogHelper - HHH000204: Processing PersistenceUnitInfo [name: default]
2025-04-01 22:40:46 [restartedMain] INFO  org.hibernate.Version - HHH000412: Hibernate ORM core version 6.6.11.Final
2025-04-01 22:40:46 [restartedMain] INFO  o.h.c.i.RegionFactoryInitiator - HHH000026: Second-level cache disabled
2025-04-01 22:40:47 [restartedMain] INFO  o.s.o.j.p.SpringPersistenceUnitInfo - No LoadTimeWeaver setup: ignoring JPA class transformer
2025-04-01 22:40:47 [restartedMain] WARN  org.hibernate.orm.deprecation - HHH90000025: H2Dialect does not need to be specified explicitly using 'hibernate.dialect' (remove the property setting and it will be selected by default)
2025-04-01 22:40:47 [restartedMain] INFO  o.hibernate.orm.connections.pooling - HHH10001005: Database info:
	Database JDBC URL [Connecting through datasource 'HikariDataSource (HikariPool-1)']
	Database driver: undefined/unknown
	Database version: 2.3.232
	Autocommit mode: undefined/unknown
	Isolation level: undefined/unknown
	Minimum pool size: undefined/unknown
	Maximum pool size: undefined/unknown
2025-04-01 22:40:48 [restartedMain] INFO  o.h.e.t.j.p.i.JtaPlatformInitiator - HHH000489: No JTA platform available (set 'hibernate.transaction.jta.platform' to enable JTA platform integration)
2025-04-01 22:40:48 [restartedMain] INFO  o.s.o.j.LocalContainerEntityManagerFactoryBean - Initialized JPA EntityManagerFactory for persistence unit 'default'
2025-04-01 22:40:49 [restartedMain] WARN  o.s.b.w.s.c.AnnotationConfigServletWebServerApplicationContext - Exception encountered during context initialization - cancelling refresh attempt: org.springframework.beans.factory.UnsatisfiedDependencyException: Error creating bean with name 'apiDescriptionReader' defined in URL [jar:file:/C:/Users/kapil%20meshram/.m2/repository/io/springfox/springfox-spring-web/2.9.2/springfox-spring-web-2.9.2.jar!/springfox/documentation/spring/web/scanners/ApiDescriptionReader.class]: Unsatisfied dependency expressed through constructor parameter 0: Error creating bean with name 'cachingOperationReader' defined in URL [jar:file:/C:/Users/kapil%20meshram/.m2/repository/io/springfox/springfox-spring-web/2.9.2/springfox-spring-web-2.9.2.jar!/springfox/documentation/spring/web/scanners/CachingOperationReader.class]: Unsatisfied dependency expressed through constructor parameter 0: Error creating bean with name 'apiOperationReader' defined in URL [jar:file:/C:/Users/kapil%20meshram/.m2/repository/io/springfox/springfox-spring-web/2.9.2/springfox-spring-web-2.9.2.jar!/springfox/documentation/spring/web/readers/operation/ApiOperationReader.class]: Unsatisfied dependency expressed through constructor parameter 0: Error creating bean with name 'documentationPluginsManager': Unsatisfied dependency expressed through field 'documentationPlugins': Error creating bean with name 'documentationPluginRegistry': 'void org.springframework.util.Assert.notNull(java.lang.Object)'
2025-04-01 22:40:49 [restartedMain] INFO  o.s.o.j.LocalContainerEntityManagerFactoryBean - Closing JPA EntityManagerFactory for persistence unit 'default'
2025-04-01 22:40:49 [restartedMain] WARN  o.s.b.f.s.DisposableBeanAdapter - Invocation of destroy method failed on bean with name 'inMemoryDatabaseShutdownExecutor': org.h2.jdbc.JdbcSQLNonTransientConnectionException: Database is already closed (to disable automatic closing at VM shutdown, add ";DB_CLOSE_ON_EXIT=FALSE" to the db URL) [90121-232]
2025-04-01 22:40:49 [restartedMain] INFO  com.zaxxer.hikari.HikariDataSource - HikariPool-1 - Shutdown initiated...
2025-04-01 22:40:49 [restartedMain] INFO  com.zaxxer.hikari.HikariDataSource - HikariPool-1 - Shutdown completed.
2025-04-01 22:40:49 [restartedMain] INFO  o.a.catalina.core.StandardService - Stopping service [Tomcat]
2025-04-01 22:40:49 [restartedMain] INFO  o.s.b.a.l.ConditionEvaluationReportLogger - 

Error starting ApplicationContext. To display the condition evaluation report re-run your application with 'debug' enabled.
2025-04-01 22:40:49 [restartedMain] ERROR o.s.b.d.LoggingFailureAnalysisReporter - 

***************************
APPLICATION FAILED TO START
***************************

Description:

An attempt was made to call a method that does not exist. The attempt was made from the following location:

    org.springframework.plugin.core.support.AbstractTypeAwareSupport$BeansOfTypeTargetSource.<init>(AbstractTypeAwareSupport.java:135)

The following method did not exist:

    'void org.springframework.util.Assert.notNull(java.lang.Object)'

The calling method's class, org.springframework.plugin.core.support.AbstractTypeAwareSupport$BeansOfTypeTargetSource, was loaded from the following location:

    jar:file:/C:/Users/kapil%20meshram/.m2/repository/org/springframework/plugin/spring-plugin-core/1.2.0.RELEASE/spring-plugin-core-1.2.0.RELEASE.jar!/org/springframework/plugin/core/support/AbstractTypeAwareSupport$BeansOfTypeTargetSource.class

The called method's class, org.springframework.util.Assert, is available from the following locations:

    jar:file:/C:/Users/kapil%20meshram/.m2/repository/org/springframework/spring-core/6.2.5/spring-core-6.2.5.jar!/org/springframework/util/Assert.class

The called method's class hierarchy was loaded from the following locations:

    org.springframework.util.Assert: file:/C:/Users/kapil%20meshram/.m2/repository/org/springframework/spring-core/6.2.5/spring-core-6.2.5.jar


Action:

Correct the classpath of your application so that it contains compatible versions of the classes org.springframework.plugin.core.support.AbstractTypeAwareSupport$BeansOfTypeTargetSource and org.springframework.util.Assert

2025-04-01 22:48:36 [restartedMain] INFO  c.P.PharmaAssistantApplication - Starting PharmaAssistantApplication using Java 22.0.2 with PID 24700 (D:\PharmaAssistant\target\classes started by kapil meshram in D:\PharmaAssistant)
2025-04-01 22:48:36 [restartedMain] INFO  c.P.PharmaAssistantApplication - No active profile set, falling back to 1 default profile: "default"
2025-04-01 22:48:36 [restartedMain] INFO  o.s.b.d.e.DevToolsPropertyDefaultsPostProcessor - Devtools property defaults active! Set 'spring.devtools.add-properties' to 'false' to disable
2025-04-01 22:48:36 [restartedMain] INFO  o.s.b.d.e.DevToolsPropertyDefaultsPostProcessor - For additional web related logging consider setting the 'logging.level.web' property to 'DEBUG'
2025-04-01 22:48:38 [restartedMain] INFO  o.s.d.r.c.RepositoryConfigurationDelegate - Bootstrapping Spring Data JPA repositories in DEFAULT mode.
2025-04-01 22:48:38 [restartedMain] INFO  o.s.d.r.c.RepositoryConfigurationDelegate - Finished Spring Data repository scanning in 112 ms. Found 4 JPA repository interfaces.
2025-04-01 22:48:39 [restartedMain] INFO  o.s.b.w.e.tomcat.TomcatWebServer - Tomcat initialized with port 8080 (http)
2025-04-01 22:48:39 [restartedMain] INFO  o.a.catalina.core.StandardService - Starting service [Tomcat]
2025-04-01 22:48:39 [restartedMain] INFO  o.a.catalina.core.StandardEngine - Starting Servlet engine: [Apache Tomcat/10.1.39]
2025-04-01 22:48:39 [restartedMain] INFO  o.a.c.c.C.[Tomcat].[localhost].[/] - Initializing Spring embedded WebApplicationContext
2025-04-01 22:48:39 [restartedMain] INFO  o.s.b.w.s.c.ServletWebServerApplicationContext - Root WebApplicationContext: initialization completed in 2861 ms
2025-04-01 22:48:39 [restartedMain] INFO  com.zaxxer.hikari.HikariDataSource - HikariPool-1 - Starting...
2025-04-01 22:48:40 [restartedMain] INFO  com.zaxxer.hikari.pool.HikariPool - HikariPool-1 - Added connection conn0: url=jdbc:h2:mem:pharmadb user=SA
2025-04-01 22:48:40 [restartedMain] INFO  com.zaxxer.hikari.HikariDataSource - HikariPool-1 - Start completed.
2025-04-01 22:48:40 [restartedMain] INFO  o.h.jpa.internal.util.LogHelper - HHH000204: Processing PersistenceUnitInfo [name: default]
2025-04-01 22:48:40 [restartedMain] INFO  org.hibernate.Version - HHH000412: Hibernate ORM core version 6.6.11.Final
2025-04-01 22:48:40 [restartedMain] INFO  o.h.c.i.RegionFactoryInitiator - HHH000026: Second-level cache disabled
2025-04-01 22:48:40 [restartedMain] INFO  o.s.o.j.p.SpringPersistenceUnitInfo - No LoadTimeWeaver setup: ignoring JPA class transformer
2025-04-01 22:48:41 [restartedMain] WARN  org.hibernate.orm.deprecation - HHH90000025: H2Dialect does not need to be specified explicitly using 'hibernate.dialect' (remove the property setting and it will be selected by default)
2025-04-01 22:48:41 [restartedMain] INFO  o.hibernate.orm.connections.pooling - HHH10001005: Database info:
	Database JDBC URL [Connecting through datasource 'HikariDataSource (HikariPool-1)']
	Database driver: undefined/unknown
	Database version: 2.3.232
	Autocommit mode: undefined/unknown
	Isolation level: undefined/unknown
	Minimum pool size: undefined/unknown
	Maximum pool size: undefined/unknown
2025-04-01 22:48:42 [restartedMain] INFO  o.h.e.t.j.p.i.JtaPlatformInitiator - HHH000489: No JTA platform available (set 'hibernate.transaction.jta.platform' to enable JTA platform integration)
2025-04-01 22:48:42 [restartedMain] INFO  o.s.o.j.LocalContainerEntityManagerFactoryBean - Initialized JPA EntityManagerFactory for persistence unit 'default'
2025-04-01 22:48:43 [restartedMain] WARN  o.s.b.w.s.c.AnnotationConfigServletWebServerApplicationContext - Exception encountered during context initialization - cancelling refresh attempt: org.springframework.beans.factory.UnsatisfiedDependencyException: Error creating bean with name 'apiDescriptionReader' defined in URL [jar:file:/C:/Users/kapil%20meshram/.m2/repository/io/springfox/springfox-spring-web/2.9.2/springfox-spring-web-2.9.2.jar!/springfox/documentation/spring/web/scanners/ApiDescriptionReader.class]: Unsatisfied dependency expressed through constructor parameter 0: Error creating bean with name 'cachingOperationReader' defined in URL [jar:file:/C:/Users/kapil%20meshram/.m2/repository/io/springfox/springfox-spring-web/2.9.2/springfox-spring-web-2.9.2.jar!/springfox/documentation/spring/web/scanners/CachingOperationReader.class]: Unsatisfied dependency expressed through constructor parameter 0: Error creating bean with name 'apiOperationReader' defined in URL [jar:file:/C:/Users/kapil%20meshram/.m2/repository/io/springfox/springfox-spring-web/2.9.2/springfox-spring-web-2.9.2.jar!/springfox/documentation/spring/web/readers/operation/ApiOperationReader.class]: Unsatisfied dependency expressed through constructor parameter 0: Error creating bean with name 'documentationPluginsManager': Unsatisfied dependency expressed through field 'documentationPlugins': Error creating bean with name 'documentationPluginRegistry': 'void org.springframework.util.Assert.notNull(java.lang.Object)'
2025-04-01 22:48:43 [restartedMain] INFO  o.s.o.j.LocalContainerEntityManagerFactoryBean - Closing JPA EntityManagerFactory for persistence unit 'default'
2025-04-01 22:48:43 [restartedMain] WARN  o.s.b.f.s.DisposableBeanAdapter - Invocation of destroy method failed on bean with name 'inMemoryDatabaseShutdownExecutor': org.h2.jdbc.JdbcSQLNonTransientConnectionException: Database is already closed (to disable automatic closing at VM shutdown, add ";DB_CLOSE_ON_EXIT=FALSE" to the db URL) [90121-232]
2025-04-01 22:48:43 [restartedMain] INFO  com.zaxxer.hikari.HikariDataSource - HikariPool-1 - Shutdown initiated...
2025-04-01 22:48:43 [restartedMain] INFO  com.zaxxer.hikari.HikariDataSource - HikariPool-1 - Shutdown completed.
2025-04-01 22:48:43 [restartedMain] INFO  o.a.catalina.core.StandardService - Stopping service [Tomcat]
2025-04-01 22:48:43 [restartedMain] INFO  o.s.b.a.l.ConditionEvaluationReportLogger - 

Error starting ApplicationContext. To display the condition evaluation report re-run your application with 'debug' enabled.
2025-04-01 22:48:43 [restartedMain] ERROR o.s.b.d.LoggingFailureAnalysisReporter - 

***************************
APPLICATION FAILED TO START
***************************

Description:

An attempt was made to call a method that does not exist. The attempt was made from the following location:

    org.springframework.plugin.core.support.AbstractTypeAwareSupport$BeansOfTypeTargetSource.<init>(AbstractTypeAwareSupport.java:135)

The following method did not exist:

    'void org.springframework.util.Assert.notNull(java.lang.Object)'

The calling method's class, org.springframework.plugin.core.support.AbstractTypeAwareSupport$BeansOfTypeTargetSource, was loaded from the following location:

    jar:file:/C:/Users/kapil%20meshram/.m2/repository/org/springframework/plugin/spring-plugin-core/1.2.0.RELEASE/spring-plugin-core-1.2.0.RELEASE.jar!/org/springframework/plugin/core/support/AbstractTypeAwareSupport$BeansOfTypeTargetSource.class

The called method's class, org.springframework.util.Assert, is available from the following locations:

    jar:file:/C:/Users/kapil%20meshram/.m2/repository/org/springframework/spring-core/6.2.5/spring-core-6.2.5.jar!/org/springframework/util/Assert.class

The called method's class hierarchy was loaded from the following locations:

    org.springframework.util.Assert: file:/C:/Users/kapil%20meshram/.m2/repository/org/springframework/spring-core/6.2.5/spring-core-6.2.5.jar


Action:

Correct the classpath of your application so that it contains compatible versions of the classes org.springframework.plugin.core.support.AbstractTypeAwareSupport$BeansOfTypeTargetSource and org.springframework.util.Assert

2025-04-01 22:52:45 [restartedMain] INFO  c.P.PharmaAssistantApplication - Starting PharmaAssistantApplication using Java 22.0.2 with PID 29556 (D:\PharmaAssistant\target\classes started by kapil meshram in D:\PharmaAssistant)
2025-04-01 22:52:45 [restartedMain] INFO  c.P.PharmaAssistantApplication - No active profile set, falling back to 1 default profile: "default"
2025-04-01 22:52:45 [restartedMain] INFO  o.s.b.d.e.DevToolsPropertyDefaultsPostProcessor - Devtools property defaults active! Set 'spring.devtools.add-properties' to 'false' to disable
2025-04-01 22:52:45 [restartedMain] INFO  o.s.b.d.e.DevToolsPropertyDefaultsPostProcessor - For additional web related logging consider setting the 'logging.level.web' property to 'DEBUG'
2025-04-01 22:52:46 [restartedMain] INFO  o.s.d.r.c.RepositoryConfigurationDelegate - Bootstrapping Spring Data JPA repositories in DEFAULT mode.
2025-04-01 22:52:46 [restartedMain] INFO  o.s.d.r.c.RepositoryConfigurationDelegate - Finished Spring Data repository scanning in 103 ms. Found 4 JPA repository interfaces.
2025-04-01 22:52:48 [restartedMain] INFO  o.s.b.w.e.tomcat.TomcatWebServer - Tomcat initialized with port 8080 (http)
2025-04-01 22:52:48 [restartedMain] INFO  o.a.catalina.core.StandardService - Starting service [Tomcat]
2025-04-01 22:52:48 [restartedMain] INFO  o.a.catalina.core.StandardEngine - Starting Servlet engine: [Apache Tomcat/10.1.39]
2025-04-01 22:52:48 [restartedMain] INFO  o.a.c.c.C.[Tomcat].[localhost].[/] - Initializing Spring embedded WebApplicationContext
2025-04-01 22:52:48 [restartedMain] INFO  o.s.b.w.s.c.ServletWebServerApplicationContext - Root WebApplicationContext: initialization completed in 2807 ms
2025-04-01 22:52:48 [restartedMain] INFO  com.zaxxer.hikari.HikariDataSource - HikariPool-1 - Starting...
2025-04-01 22:52:48 [restartedMain] INFO  com.zaxxer.hikari.pool.HikariPool - HikariPool-1 - Added connection conn0: url=jdbc:h2:mem:pharmadb user=SA
2025-04-01 22:52:48 [restartedMain] INFO  com.zaxxer.hikari.HikariDataSource - HikariPool-1 - Start completed.
2025-04-01 22:52:48 [restartedMain] INFO  o.h.jpa.internal.util.LogHelper - HHH000204: Processing PersistenceUnitInfo [name: default]
2025-04-01 22:52:49 [restartedMain] INFO  org.hibernate.Version - HHH000412: Hibernate ORM core version 6.6.11.Final
2025-04-01 22:52:49 [restartedMain] INFO  o.h.c.i.RegionFactoryInitiator - HHH000026: Second-level cache disabled
2025-04-01 22:52:49 [restartedMain] INFO  o.s.o.j.p.SpringPersistenceUnitInfo - No LoadTimeWeaver setup: ignoring JPA class transformer
2025-04-01 22:52:49 [restartedMain] WARN  org.hibernate.orm.deprecation - HHH90000025: H2Dialect does not need to be specified explicitly using 'hibernate.dialect' (remove the property setting and it will be selected by default)
2025-04-01 22:52:49 [restartedMain] INFO  o.hibernate.orm.connections.pooling - HHH10001005: Database info:
	Database JDBC URL [Connecting through datasource 'HikariDataSource (HikariPool-1)']
	Database driver: undefined/unknown
	Database version: 2.3.232
	Autocommit mode: undefined/unknown
	Isolation level: undefined/unknown
	Minimum pool size: undefined/unknown
	Maximum pool size: undefined/unknown
2025-04-01 22:52:50 [restartedMain] INFO  o.h.e.t.j.p.i.JtaPlatformInitiator - HHH000489: No JTA platform available (set 'hibernate.transaction.jta.platform' to enable JTA platform integration)
2025-04-01 22:52:50 [restartedMain] INFO  o.s.o.j.LocalContainerEntityManagerFactoryBean - Initialized JPA EntityManagerFactory for persistence unit 'default'
2025-04-01 22:52:51 [restartedMain] WARN  o.s.b.w.s.c.AnnotationConfigServletWebServerApplicationContext - Exception encountered during context initialization - cancelling refresh attempt: org.springframework.beans.factory.UnsatisfiedDependencyException: Error creating bean with name 'apiDescriptionReader' defined in URL [jar:file:/C:/Users/kapil%20meshram/.m2/repository/io/springfox/springfox-spring-web/2.9.2/springfox-spring-web-2.9.2.jar!/springfox/documentation/spring/web/scanners/ApiDescriptionReader.class]: Unsatisfied dependency expressed through constructor parameter 0: Error creating bean with name 'cachingOperationReader' defined in URL [jar:file:/C:/Users/kapil%20meshram/.m2/repository/io/springfox/springfox-spring-web/2.9.2/springfox-spring-web-2.9.2.jar!/springfox/documentation/spring/web/scanners/CachingOperationReader.class]: Unsatisfied dependency expressed through constructor parameter 0: Error creating bean with name 'apiOperationReader' defined in URL [jar:file:/C:/Users/kapil%20meshram/.m2/repository/io/springfox/springfox-spring-web/2.9.2/springfox-spring-web-2.9.2.jar!/springfox/documentation/spring/web/readers/operation/ApiOperationReader.class]: Unsatisfied dependency expressed through constructor parameter 0: Error creating bean with name 'documentationPluginsManager': Unsatisfied dependency expressed through field 'documentationPlugins': Error creating bean with name 'documentationPluginRegistry': 'void org.springframework.util.Assert.notNull(java.lang.Object)'
2025-04-01 22:52:51 [restartedMain] INFO  o.s.o.j.LocalContainerEntityManagerFactoryBean - Closing JPA EntityManagerFactory for persistence unit 'default'
2025-04-01 22:52:51 [restartedMain] WARN  o.s.b.f.s.DisposableBeanAdapter - Invocation of destroy method failed on bean with name 'inMemoryDatabaseShutdownExecutor': org.h2.jdbc.JdbcSQLNonTransientConnectionException: Database is already closed (to disable automatic closing at VM shutdown, add ";DB_CLOSE_ON_EXIT=FALSE" to the db URL) [90121-232]
2025-04-01 22:52:51 [restartedMain] INFO  com.zaxxer.hikari.HikariDataSource - HikariPool-1 - Shutdown initiated...
2025-04-01 22:52:51 [restartedMain] INFO  com.zaxxer.hikari.HikariDataSource - HikariPool-1 - Shutdown completed.
2025-04-01 22:52:51 [restartedMain] INFO  o.a.catalina.core.StandardService - Stopping service [Tomcat]
2025-04-01 22:52:51 [restartedMain] INFO  o.s.b.a.l.ConditionEvaluationReportLogger - 

Error starting ApplicationContext. To display the condition evaluation report re-run your application with 'debug' enabled.
2025-04-01 22:52:51 [restartedMain] ERROR o.s.b.d.LoggingFailureAnalysisReporter - 

***************************
APPLICATION FAILED TO START
***************************

Description:

An attempt was made to call a method that does not exist. The attempt was made from the following location:

    org.springframework.plugin.core.support.AbstractTypeAwareSupport$BeansOfTypeTargetSource.<init>(AbstractTypeAwareSupport.java:135)

The following method did not exist:

    'void org.springframework.util.Assert.notNull(java.lang.Object)'

The calling method's class, org.springframework.plugin.core.support.AbstractTypeAwareSupport$BeansOfTypeTargetSource, was loaded from the following location:

    jar:file:/C:/Users/kapil%20meshram/.m2/repository/org/springframework/plugin/spring-plugin-core/1.2.0.RELEASE/spring-plugin-core-1.2.0.RELEASE.jar!/org/springframework/plugin/core/support/AbstractTypeAwareSupport$BeansOfTypeTargetSource.class

The called method's class, org.springframework.util.Assert, is available from the following locations:

    jar:file:/C:/Users/kapil%20meshram/.m2/repository/org/springframework/spring-core/6.2.5/spring-core-6.2.5.jar!/org/springframework/util/Assert.class

The called method's class hierarchy was loaded from the following locations:

    org.springframework.util.Assert: file:/C:/Users/kapil%20meshram/.m2/repository/org/springframework/spring-core/6.2.5/spring-core-6.2.5.jar


Action:

Correct the classpath of your application so that it contains compatible versions of the classes org.springframework.plugin.core.support.AbstractTypeAwareSupport$BeansOfTypeTargetSource and org.springframework.util.Assert

2025-04-01 22:59:18 [restartedMain] INFO  c.P.PharmaAssistantApplication - Starting PharmaAssistantApplication using Java 22.0.2 on asusf15 with PID 19944 (D:\PharmaAssistant\target\classes started by kapil meshram in D:\PharmaAssistant)
2025-04-01 22:59:18 [restartedMain] INFO  c.P.PharmaAssistantApplication - No active profile set, falling back to 1 default profile: "default"
2025-04-01 22:59:18 [restartedMain] INFO  o.s.b.d.e.DevToolsPropertyDefaultsPostProcessor - Devtools property defaults active! Set 'spring.devtools.add-properties' to 'false' to disable
2025-04-01 22:59:18 [restartedMain] INFO  o.s.b.d.e.DevToolsPropertyDefaultsPostProcessor - For additional web related logging consider setting the 'logging.level.web' property to 'DEBUG'
2025-04-01 22:59:19 [restartedMain] INFO  o.s.d.r.c.RepositoryConfigurationDelegate - Bootstrapping Spring Data JPA repositories in DEFAULT mode.
2025-04-01 22:59:19 [restartedMain] INFO  o.s.d.r.c.RepositoryConfigurationDelegate - Finished Spring Data repository scanning in 90 ms. Found 4 JPA repository interfaces.
2025-04-01 22:59:20 [restartedMain] INFO  o.s.b.w.e.tomcat.TomcatWebServer - Tomcat initialized with port(s): 8080 (http)
2025-04-01 22:59:20 [restartedMain] INFO  o.a.catalina.core.StandardService - Starting service [Tomcat]
2025-04-01 22:59:20 [restartedMain] INFO  o.a.catalina.core.StandardEngine - Starting Servlet engine: [Apache Tomcat/9.0.75]
2025-04-01 22:59:20 [restartedMain] INFO  o.a.c.c.C.[Tomcat].[localhost].[/] - Initializing Spring embedded WebApplicationContext
2025-04-01 22:59:20 [restartedMain] INFO  o.s.b.w.s.c.ServletWebServerApplicationContext - Root WebApplicationContext: initialization completed in 2728 ms
2025-04-01 22:59:20 [restartedMain] INFO  com.zaxxer.hikari.HikariDataSource - HikariPool-1 - Starting...
2025-04-01 22:59:21 [restartedMain] INFO  com.zaxxer.hikari.HikariDataSource - HikariPool-1 - Start completed.
2025-04-01 22:59:21 [restartedMain] INFO  o.s.b.a.h.H2ConsoleAutoConfiguration - H2 console available at '/h2-console'. Database available at 'jdbc:h2:mem:pharmadb'
2025-04-01 22:59:21 [restartedMain] INFO  o.h.jpa.internal.util.LogHelper - HHH000204: Processing PersistenceUnitInfo [name: default]
2025-04-01 22:59:21 [restartedMain] INFO  org.hibernate.Version - HHH000412: Hibernate ORM core version 5.6.15.Final
2025-04-01 22:59:21 [restartedMain] INFO  o.h.annotations.common.Version - HCANN000001: Hibernate Commons Annotations {5.1.2.Final}
2025-04-01 22:59:22 [restartedMain] INFO  org.hibernate.dialect.Dialect - HHH000400: Using dialect: org.hibernate.dialect.H2Dialect
2025-04-01 22:59:22 [restartedMain] INFO  o.h.e.t.j.p.i.JtaPlatformInitiator - HHH000490: Using JtaPlatform implementation: [org.hibernate.engine.transaction.jta.platform.internal.NoJtaPlatform]
2025-04-01 22:59:22 [restartedMain] INFO  o.s.o.j.LocalContainerEntityManagerFactoryBean - Initialized JPA EntityManagerFactory for persistence unit 'default'
2025-04-01 22:59:23 [restartedMain] WARN  o.s.b.a.o.j.JpaBaseConfiguration$JpaWebConfiguration - spring.jpa.open-in-view is enabled by default. Therefore, database queries may be performed during view rendering. Explicitly configure spring.jpa.open-in-view to disable this warning
2025-04-01 22:59:25 [restartedMain] INFO  o.s.b.d.a.OptionalLiveReloadServer - LiveReload server is running on port 35729
2025-04-01 22:59:25 [restartedMain] INFO  o.s.b.w.e.tomcat.TomcatWebServer - Tomcat started on port(s): 8080 (http) with context path ''
2025-04-01 22:59:25 [restartedMain] INFO  c.P.PharmaAssistantApplication - Started PharmaAssistantApplication in 8.204 seconds (JVM running for 9.117)
2025-04-01 23:00:12 [http-nio-8080-exec-6] INFO  o.a.c.c.C.[Tomcat].[localhost].[/] - Initializing Spring DispatcherServlet 'dispatcherServlet'
2025-04-01 23:00:12 [http-nio-8080-exec-6] INFO  o.s.web.servlet.DispatcherServlet - Initializing Servlet 'dispatcherServlet'
2025-04-01 23:00:12 [http-nio-8080-exec-6] INFO  o.s.web.servlet.DispatcherServlet - Completed initialization in 0 ms
2025-04-01 23:03:08 [SpringApplicationShutdownHook] INFO  o.s.o.j.LocalContainerEntityManagerFactoryBean - Closing JPA EntityManagerFactory for persistence unit 'default'
2025-04-01 23:03:08 [SpringApplicationShutdownHook] WARN  o.s.b.f.s.DisposableBeanAdapter - Invocation of destroy method failed on bean with name 'inMemoryDatabaseShutdownExecutor': org.h2.jdbc.JdbcSQLNonTransientConnectionException: Database is already closed (to disable automatic closing at VM shutdown, add ";DB_CLOSE_ON_EXIT=FALSE" to the db URL) [90121-200]
2025-04-01 23:03:08 [SpringApplicationShutdownHook] INFO  com.zaxxer.hikari.HikariDataSource - HikariPool-1 - Shutdown initiated...
2025-04-01 23:03:08 [SpringApplicationShutdownHook] INFO  com.zaxxer.hikari.HikariDataSource - HikariPool-1 - Shutdown completed.
